<?xml version="1.0" encoding="UTF-8"?>
<!-- Generated by org.testng.reporters.JUnitReportReporter -->
<testsuite hostname="ENCDAPPUNLT0302" failures="0" tests="1" name="ORANGEHRM.TestCase4" time="14.113" errors="0" timestamp="2023-10-12T11:47:37 IST" skipped="0">
  <testcase classname="ORANGEHRM.TestCase4" name="enttoendtesting" time="14.113"/>
  <system-out/>
</testsuite> <!-- ORANGEHRM.TestCase4 -->
