<?xml version="1.0" encoding="UTF-8"?>
<!-- Generated by org.testng.reporters.JUnitReportReporter -->
<testsuite hostname="ENCDAPPUNLT0302" failures="0" tests="1" name="ORANGEHRM.AdminmoduleTestCase" time="13.823" errors="0" timestamp="2023-10-12T14:31:53 IST" skipped="0">
  <testcase classname="ORANGEHRM.AdminmoduleTestCase" name="enttoendtesting" time="13.823"/>
  <system-out/>
</testsuite> <!-- ORANGEHRM.AdminmoduleTestCase -->
