<?xml version="1.0" encoding="UTF-8"?>
<!-- Generated by org.testng.reporters.JUnitReportReporter -->
<testsuite hostname="ENCDAPPUNLT0302" failures="0" tests="1" name="ORANGEHRM.EndToEndTesting" time="42.104" errors="0" timestamp="2023-10-05T11:39:08 IST" skipped="0">
  <testcase classname="ORANGEHRM.EndToEndTesting" name="enttoendtesting" time="42.104"/>
  <system-out/>
</testsuite> <!-- ORANGEHRM.EndToEndTesting -->
