<?xml version="1.0" encoding="UTF-8"?>
<!-- Generated by org.testng.reporters.JUnitReportReporter -->
<testsuite hostname="ENCDAPPUNLT0302" failures="0" tests="1" name="ORANGEHRM.MyInfoTestCase" time="18.937" errors="0" timestamp="2023-10-06T11:32:44 IST" skipped="0">
  <testcase classname="ORANGEHRM.MyInfoTestCase" name="enttoendtesting" time="18.937"/>
  <system-out/>
</testsuite> <!-- ORANGEHRM.MyInfoTestCase -->
