<?xml version="1.0" encoding="UTF-8"?>
<!-- Generated by org.testng.reporters.JUnitReportReporter -->
<testsuite hostname="ENCDAPPUNLT0302" failures="0" tests="1" name="ORANGEHRM.TestCase2EndToEnd" time="16.381" errors="0" timestamp="2023-10-06T12:40:13 IST" skipped="0">
  <testcase classname="ORANGEHRM.TestCase2EndToEnd" name="enttoendtesting" time="16.381"/>
  <system-out/>
</testsuite> <!-- ORANGEHRM.TestCase2EndToEnd -->
