<?xml version="1.0" encoding="UTF-8"?>
<!-- Generated by org.testng.reporters.JUnitReportReporter -->
<testsuite hostname="ENCDAPPUNLT0302" failures="0" tests="1" name="ORANGEHRM.TestCase2EndToEnd" time="14.127" errors="0" timestamp="2023-10-05T11:39:08 IST" skipped="0">
  <testcase classname="ORANGEHRM.TestCase2EndToEnd" name="enttoendtesting" time="14.127"/>
  <system-out/>
</testsuite> <!-- ORANGEHRM.TestCase2EndToEnd -->
