<?xml version="1.0" encoding="UTF-8"?>
<!-- Generated by org.testng.reporters.JUnitReportReporter -->
<testsuite hostname="ENCDAPPUNLT0302" failures="0" tests="1" name="ORANGEHRM.OrangeHrmTestCase" time="13.806" errors="0" timestamp="2023-09-14T13:54:45 IST" skipped="0">
  <testcase classname="ORANGEHRM.OrangeHrmTestCase" name="orangehrmtestcase" time="13.806"/>
  <system-out/>
</testsuite> <!-- ORANGEHRM.OrangeHrmTestCase -->
