<?xml version="1.0" encoding="UTF-8"?>
<!-- Generated by org.testng.reporters.JUnitReportReporter -->
<testsuite hostname="ENCDAPPUNLT0302" failures="0" tests="1" name="ORANGEHRM.OrangeHrmTestCase" time="16.070" errors="0" timestamp="2023-10-05T12:26:39 IST" skipped="0">
  <testcase classname="ORANGEHRM.OrangeHrmTestCase" name="orangehrmtestcase" time="16.070"/>
</testsuite> <!-- ORANGEHRM.OrangeHrmTestCase -->
